<?xml version='1.0' encoding='UTF-8'?>
<testsuite hostname="DESKTOP-2K2VH63" name="BlockGemmTest" tests="1" errors="0" failures="0" skipped="0" time="29.172" timestamp="2024-10-24T00:15:02">
          <properties>
[...]
</properties>
          <testcase classname="BlockGemmTest" name="BlockGemm should process input data correctly with 2x2 matrix" time="29.172">
                      
                    </testcase>
          <system-out><![CDATA[]]></system-out>
          <system-err><![CDATA[]]></system-err>
        </testsuite>